0 info it worked if it ends with ok
1 verbose cli [ 'node',
1 verbose cli   '/Users/mikecarter/.nvm/v0.10.28/bin/npm',
1 verbose cli   'run',
1 verbose cli   'build-dev' ]
2 info using npm@1.4.28
3 info using node@v0.10.28
4 error Failed to parse json
4 error Unexpected token }
5 error File: /Users/mikecarter/Desktop/demo-view-component/package.json
6 error Failed to parse package.json data.
6 error package.json must be actual JSON, not just JavaScript.
6 error
6 error This is not a bug in npm.
6 error Tell the package author to fix their package.json file. JSON.parse
7 error System Darwin 14.0.0
8 error command "node" "/Users/mikecarter/.nvm/v0.10.28/bin/npm" "run" "build-dev"
9 error cwd /Users/mikecarter/Desktop/demo-view-component
10 error node -v v0.10.28
11 error npm -v 1.4.28
12 error file /Users/mikecarter/Desktop/demo-view-component/package.json
13 error code EJSONPARSE
14 verbose exit [ 1, true ]
